Default bit length for compilation: 64
Default security parameter for compilation: 40
Compiling file Programs/Source/approx_psi.mpc
WARNING: Order of memory instructions not preserved, errors possible
Writing to Programs/Bytecode/approx_psi-binary_add16x16(1)-1.bc
Writing to Programs/Schedules/approx_psi.sch
Writing to Programs/Bytecode/approx_psi-0.bc
Hash: 4edb33ad19e945d8b0eb8c2de72fe272de51fb35641dc568607c376f9dd47a01
Program requires at most:
     2049000 bit inputs from player 0
     2049000 bit inputs from player 1
     3864000 bit triples
        8000 bit opens
      520000 virtual machine rounds
Running /data/MP-SPDZ/Scripts/../mascot-party.x 0 approx_psi --disk-memory /data/Fuzzy-Name-PSI/../MP-SPDZ/Player-Data/disk-memory --batch-size 1 -pn 12217 -h localhost -N 2
Running /data/MP-SPDZ/Scripts/../mascot-party.x 1 approx_psi --disk-memory /data/Fuzzy-Name-PSI/../MP-SPDZ/Player-Data/disk-memory --batch-size 1 -pn 12217 -h localhost -N 2
Using statistical security parameter 40
--- Starting MP-SPDZ Approx-PSI post-filter ---
CANDIDATE_OFFSET=1000 MAX_CANDIDATES=1000 PAYLOAD_BITS=2048 PAYLOAD_CHUNKS=32 HAMMING_D=4
MATCH candidate_id=1000
MATCH candidate_id=1001
MATCH candidate_id=1002
MATCH candidate_id=1003
MATCH candidate_id=1005
MATCH candidate_id=1006
MATCH candidate_id=1007
MATCH candidate_id=1009
MATCH candidate_id=1010
MATCH candidate_id=1011
MATCH candidate_id=1012
MATCH candidate_id=1014
MATCH candidate_id=1016
MATCH candidate_id=1017
MATCH candidate_id=1018
MATCH candidate_id=1019
MATCH candidate_id=1020
MATCH candidate_id=1021
MATCH candidate_id=1022
MATCH candidate_id=1025
MATCH candidate_id=1026
MATCH candidate_id=1027
MATCH candidate_id=1028
MATCH candidate_id=1029
MATCH candidate_id=1030
MATCH candidate_id=1031
MATCH candidate_id=1032
MATCH candidate_id=1034
MATCH candidate_id=1035
MATCH candidate_id=1036
MATCH candidate_id=1040
MATCH candidate_id=1041
MATCH candidate_id=1042
MATCH candidate_id=1045
MATCH candidate_id=1049
MATCH candidate_id=1051
MATCH candidate_id=1054
MATCH candidate_id=1055
MATCH candidate_id=1056
MATCH candidate_id=1057
MATCH candidate_id=1058
MATCH candidate_id=1059
MATCH candidate_id=1060
MATCH candidate_id=1061
MATCH candidate_id=1062
MATCH candidate_id=1065
MATCH candidate_id=1072
MATCH candidate_id=1073
MATCH candidate_id=1074
MATCH candidate_id=1075
MATCH candidate_id=1076
MATCH candidate_id=1077
MATCH candidate_id=1078
MATCH candidate_id=1080
MATCH candidate_id=1081
MATCH candidate_id=1082
MATCH candidate_id=1083
MATCH candidate_id=1084
MATCH candidate_id=1085
MATCH candidate_id=1086
MATCH candidate_id=1087
MATCH candidate_id=1088
MATCH candidate_id=1089
MATCH candidate_id=1090
MATCH candidate_id=1092
MATCH candidate_id=1093
MATCH candidate_id=1095
MATCH candidate_id=1096
MATCH candidate_id=1097
MATCH candidate_id=1098
MATCH candidate_id=1103
MATCH candidate_id=1104
MATCH candidate_id=1105
MATCH candidate_id=1106
MATCH candidate_id=1107
MATCH candidate_id=1108
MATCH candidate_id=1109
MATCH candidate_id=1110
MATCH candidate_id=1112
MATCH candidate_id=1113
MATCH candidate_id=1114
MATCH candidate_id=1115
MATCH candidate_id=1116
MATCH candidate_id=1117
MATCH candidate_id=1120
MATCH candidate_id=1121
MATCH candidate_id=1122
MATCH candidate_id=1123
MATCH candidate_id=1124
MATCH candidate_id=1125
MATCH candidate_id=1126
MATCH candidate_id=1127
MATCH candidate_id=1128
MATCH candidate_id=1129
MATCH candidate_id=1130
MATCH candidate_id=1131
MATCH candidate_id=1132
MATCH candidate_id=1133
MATCH candidate_id=1134
MATCH candidate_id=1136
MATCH candidate_id=1137
MATCH candidate_id=1138
MATCH candidate_id=1139
MATCH candidate_id=1140
MATCH candidate_id=1141
MATCH candidate_id=1142
MATCH candidate_id=1143
MATCH candidate_id=1144
MATCH candidate_id=1145
MATCH candidate_id=1146
MATCH candidate_id=1147
MATCH candidate_id=1148
MATCH candidate_id=1150
MATCH candidate_id=1151
MATCH candidate_id=1152
MATCH candidate_id=1154
MATCH candidate_id=1157
MATCH candidate_id=1158
MATCH candidate_id=1161
MATCH candidate_id=1162
MATCH candidate_id=1163
MATCH candidate_id=1164
MATCH candidate_id=1165
MATCH candidate_id=1167
MATCH candidate_id=1168
MATCH candidate_id=1169
MATCH candidate_id=1170
MATCH candidate_id=1171
MATCH candidate_id=1173
MATCH candidate_id=1174
MATCH candidate_id=1175
MATCH candidate_id=1176
MATCH candidate_id=1177
MATCH candidate_id=1178
MATCH candidate_id=1179
MATCH candidate_id=1182
MATCH candidate_id=1183
MATCH candidate_id=1184
MATCH candidate_id=1185
MATCH candidate_id=1186
MATCH candidate_id=1187
MATCH candidate_id=1188
MATCH candidate_id=1189
MATCH candidate_id=1190
MATCH candidate_id=1191
MATCH candidate_id=1194
MATCH candidate_id=1195
MATCH candidate_id=1196
MATCH candidate_id=1197
MATCH candidate_id=1198
MATCH candidate_id=1200
MATCH candidate_id=1201
MATCH candidate_id=1202
MATCH candidate_id=1203
MATCH candidate_id=1205
MATCH candidate_id=1206
MATCH candidate_id=1207
MATCH candidate_id=1208
MATCH candidate_id=1209
MATCH candidate_id=1211
MATCH candidate_id=1212
MATCH candidate_id=1213
MATCH candidate_id=1214
MATCH candidate_id=1215
MATCH candidate_id=1216
MATCH candidate_id=1217
MATCH candidate_id=1218
MATCH candidate_id=1219
MATCH candidate_id=1220
MATCH candidate_id=1221
MATCH candidate_id=1222
MATCH candidate_id=1226
MATCH candidate_id=1232
MATCH candidate_id=1238
MATCH candidate_id=1239
MATCH candidate_id=1240
MATCH candidate_id=1241
MATCH candidate_id=1242
MATCH candidate_id=1243
MATCH candidate_id=1244
MATCH candidate_id=1245
MATCH candidate_id=1246
MATCH candidate_id=1247
MATCH candidate_id=1249
MATCH candidate_id=1254
MATCH candidate_id=1255
MATCH candidate_id=1258
MATCH candidate_id=1259
MATCH candidate_id=1260
MATCH candidate_id=1261
MATCH candidate_id=1262
MATCH candidate_id=1269
MATCH candidate_id=1272
MATCH candidate_id=1273
MATCH candidate_id=1274
MATCH candidate_id=1275
MATCH candidate_id=1276
MATCH candidate_id=1277
MATCH candidate_id=1278
MATCH candidate_id=1279
MATCH candidate_id=1281
MATCH candidate_id=1283
MATCH candidate_id=1284
MATCH candidate_id=1285
MATCH candidate_id=1286
MATCH candidate_id=1287
MATCH candidate_id=1288
MATCH candidate_id=1289
MATCH candidate_id=1290
MATCH candidate_id=1291
MATCH candidate_id=1292
MATCH candidate_id=1293
MATCH candidate_id=1294
MATCH candidate_id=1296
MATCH candidate_id=1297
MATCH candidate_id=1300
MATCH candidate_id=1301
MATCH candidate_id=1302
MATCH candidate_id=1303
MATCH candidate_id=1304
MATCH candidate_id=1305
MATCH candidate_id=1306
MATCH candidate_id=1308
MATCH candidate_id=1309
MATCH candidate_id=1310
MATCH candidate_id=1313
MATCH candidate_id=1314
MATCH candidate_id=1315
MATCH candidate_id=1316
MATCH candidate_id=1318
MATCH candidate_id=1319
MATCH candidate_id=1320
MATCH candidate_id=1322
MATCH candidate_id=1323
MATCH candidate_id=1324
MATCH candidate_id=1325
MATCH candidate_id=1326
MATCH candidate_id=1327
MATCH candidate_id=1328
MATCH candidate_id=1329
MATCH candidate_id=1330
MATCH candidate_id=1331
MATCH candidate_id=1332
MATCH candidate_id=1333
MATCH candidate_id=1334
MATCH candidate_id=1335
MATCH candidate_id=1337
MATCH candidate_id=1339
MATCH candidate_id=1340
MATCH candidate_id=1341
MATCH candidate_id=1342
MATCH candidate_id=1343
MATCH candidate_id=1351
MATCH candidate_id=1355
MATCH candidate_id=1358
MATCH candidate_id=1359
MATCH candidate_id=1361
MATCH candidate_id=1362
MATCH candidate_id=1363
MATCH candidate_id=1364
MATCH candidate_id=1365
MATCH candidate_id=1367
MATCH candidate_id=1368
MATCH candidate_id=1369
MATCH candidate_id=1370
MATCH candidate_id=1371
MATCH candidate_id=1372
MATCH candidate_id=1373
MATCH candidate_id=1374
MATCH candidate_id=1375
MATCH candidate_id=1376
MATCH candidate_id=1377
MATCH candidate_id=1378
MATCH candidate_id=1379
MATCH candidate_id=1380
MATCH candidate_id=1381
MATCH candidate_id=1382
MATCH candidate_id=1383
MATCH candidate_id=1384
MATCH candidate_id=1386
MATCH candidate_id=1387
MATCH candidate_id=1388
MATCH candidate_id=1390
MATCH candidate_id=1391
MATCH candidate_id=1392
MATCH candidate_id=1393
MATCH candidate_id=1394
MATCH candidate_id=1395
MATCH candidate_id=1396
MATCH candidate_id=1397
MATCH candidate_id=1398
MATCH candidate_id=1399
MATCH candidate_id=1400
MATCH candidate_id=1401
MATCH candidate_id=1402
MATCH candidate_id=1403
MATCH candidate_id=1404
MATCH candidate_id=1405
MATCH candidate_id=1406
MATCH candidate_id=1407
MATCH candidate_id=1408
MATCH candidate_id=1409
MATCH candidate_id=1410
MATCH candidate_id=1412
MATCH candidate_id=1413
MATCH candidate_id=1414
MATCH candidate_id=1415
MATCH candidate_id=1416
MATCH candidate_id=1417
MATCH candidate_id=1418
MATCH candidate_id=1420
MATCH candidate_id=1421
MATCH candidate_id=1423
MATCH candidate_id=1424
MATCH candidate_id=1425
MATCH candidate_id=1426
MATCH candidate_id=1427
MATCH candidate_id=1428
MATCH candidate_id=1429
MATCH candidate_id=1430
MATCH candidate_id=1431
MATCH candidate_id=1435
MATCH candidate_id=1437
MATCH candidate_id=1438
MATCH candidate_id=1439
MATCH candidate_id=1440
MATCH candidate_id=1441
MATCH candidate_id=1442
MATCH candidate_id=1443
MATCH candidate_id=1444
MATCH candidate_id=1446
MATCH candidate_id=1447
MATCH candidate_id=1448
MATCH candidate_id=1449
MATCH candidate_id=1450
MATCH candidate_id=1451
MATCH candidate_id=1454
MATCH candidate_id=1455
MATCH candidate_id=1456
MATCH candidate_id=1457
MATCH candidate_id=1458
MATCH candidate_id=1459
MATCH candidate_id=1460
MATCH candidate_id=1462
MATCH candidate_id=1463
MATCH candidate_id=1464
MATCH candidate_id=1465
MATCH candidate_id=1466
MATCH candidate_id=1467
MATCH candidate_id=1468
MATCH candidate_id=1469
MATCH candidate_id=1470
MATCH candidate_id=1471
MATCH candidate_id=1472
MATCH candidate_id=1473
MATCH candidate_id=1475
MATCH candidate_id=1476
MATCH candidate_id=1477
MATCH candidate_id=1478
MATCH candidate_id=1481
MATCH candidate_id=1484
MATCH candidate_id=1486
MATCH candidate_id=1487
MATCH candidate_id=1488
MATCH candidate_id=1489
MATCH candidate_id=1490
MATCH candidate_id=1492
MATCH candidate_id=1493
MATCH candidate_id=1494
MATCH candidate_id=1495
MATCH candidate_id=1496
MATCH candidate_id=1497
MATCH candidate_id=1498
MATCH candidate_id=1499
MATCH candidate_id=1500
MATCH candidate_id=1503
MATCH candidate_id=1504
MATCH candidate_id=1506
MATCH candidate_id=1507
MATCH candidate_id=1508
MATCH candidate_id=1509
MATCH candidate_id=1510
MATCH candidate_id=1511
MATCH candidate_id=1513
MATCH candidate_id=1514
MATCH candidate_id=1515
MATCH candidate_id=1521
MATCH candidate_id=1522
MATCH candidate_id=1524
MATCH candidate_id=1525
MATCH candidate_id=1526
MATCH candidate_id=1527
MATCH candidate_id=1528
MATCH candidate_id=1529
MATCH candidate_id=1530
MATCH candidate_id=1531
MATCH candidate_id=1532
MATCH candidate_id=1533
MATCH candidate_id=1534
MATCH candidate_id=1535
MATCH candidate_id=1536
MATCH candidate_id=1537
MATCH candidate_id=1538
MATCH candidate_id=1539
MATCH candidate_id=1540
MATCH candidate_id=1541
MATCH candidate_id=1542
MATCH candidate_id=1543
MATCH candidate_id=1544
MATCH candidate_id=1545
MATCH candidate_id=1546
MATCH candidate_id=1547
MATCH candidate_id=1548
MATCH candidate_id=1549
MATCH candidate_id=1550
MATCH candidate_id=1554
MATCH candidate_id=1555
MATCH candidate_id=1556
MATCH candidate_id=1570
MATCH candidate_id=1579
MATCH candidate_id=1583
MATCH candidate_id=1585
MATCH candidate_id=1605
MATCH candidate_id=1609
MATCH candidate_id=1613
MATCH candidate_id=1621
MATCH candidate_id=1632
MATCH candidate_id=1634
MATCH candidate_id=1635
MATCH candidate_id=1645
MATCH candidate_id=1653
MATCH candidate_id=1659
MATCH candidate_id=1661
MATCH candidate_id=1680
MATCH candidate_id=1689
MATCH candidate_id=1697
MATCH candidate_id=1705
MATCH candidate_id=1720
MATCH candidate_id=1722
MATCH candidate_id=1723
MATCH candidate_id=1724
MATCH candidate_id=1728
MATCH candidate_id=1733
MATCH candidate_id=1735
MATCH candidate_id=1774
MATCH candidate_id=1785
MATCH candidate_id=1787
MATCH candidate_id=1789
MATCH candidate_id=1791
MATCH candidate_id=1793
MATCH candidate_id=1799
MATCH candidate_id=1804
MATCH candidate_id=1806
MATCH candidate_id=1815
MATCH candidate_id=1816
MATCH candidate_id=1822
MATCH candidate_id=1824
MATCH candidate_id=1826
MATCH candidate_id=1837
MATCH candidate_id=1839
MATCH candidate_id=1846
MATCH candidate_id=1847
MATCH candidate_id=1848
MATCH candidate_id=1850
MATCH candidate_id=1851
MATCH candidate_id=1879
MATCH candidate_id=1897
MATCH candidate_id=1904
MATCH candidate_id=1907
MATCH candidate_id=1911
MATCH candidate_id=1912
MATCH candidate_id=1921
MATCH candidate_id=1930
MATCH candidate_id=1946
MATCH candidate_id=1968
MATCH candidate_id=1972
MATCH candidate_id=1976
MATCH candidate_id=1980
MATCH candidate_id=1989
MATCH candidate_id=1991
MATCH candidate_id=1996
MP-SPDZ Approx-PSI post-filter complete.
The following benchmarks are including preprocessing (offline phase).
Time = 1058.35 seconds 
Data sent = 7974.2 MB in ~33774467 rounds (party 0 only; use '-v' for more details)
Global data sent = 15948.4 MB (all parties)
This virtual machine was compiled with GCC. Recompile with 'CXX = clang++' in 'CONFIG.mine' for optimal performance.
/data/MP-SPDZ/Scripts/run-common.sh: line 94: 305912 Segmentation fault      (core dumped) $my_prefix $SPDZROOT/$bin $i $params 2>&1
     305913 Done                    | { if test "$BENCH"; then
    if test $i = $front_player; then
        tee -a $log;
    else
        cat >> $log;
    fi;
else
    if test $i = $front_player; then
        tee $log;
    else
        cat > $log;
    fi;
fi; }
=== Party 1
Data sent = 7974.2 MB in ~33773718 rounds (party 1 only; use '-v' for more details)
Global data sent = 15948.4 MB (all parties)
This virtual machine was compiled with GCC. Recompile with 'CXX = clang++' in 'CONFIG.mine' for optimal performance.
