Default bit length for compilation: 64
Default security parameter for compilation: 40
Compiling file Programs/Source/approx_psi.mpc
WARNING: Order of memory instructions not preserved, errors possible
Writing to Programs/Bytecode/approx_psi-binary_add16x16(1)-1.bc
Writing to Programs/Schedules/approx_psi.sch
Writing to Programs/Bytecode/approx_psi-0.bc
Hash: ff1d7c87c43d5cb571d863c7caf9c56c708e6181788c7377ef1bb25964e604ff
Program requires at most:
     2049000 bit inputs from player 0
     2049000 bit inputs from player 1
     3864000 bit triples
        8000 bit opens
      520000 virtual machine rounds
Running /data/MP-SPDZ/Scripts/../mascot-party.x 0 approx_psi --disk-memory /data/Fuzzy-Name-PSI/../MP-SPDZ/Player-Data/disk-memory --batch-size 1 -pn 14064 -h localhost -N 2
Running /data/MP-SPDZ/Scripts/../mascot-party.x 1 approx_psi --disk-memory /data/Fuzzy-Name-PSI/../MP-SPDZ/Player-Data/disk-memory --batch-size 1 -pn 14064 -h localhost -N 2
Using statistical security parameter 40
--- Starting MP-SPDZ Approx-PSI post-filter ---
CANDIDATE_OFFSET=6000 MAX_CANDIDATES=1000 PAYLOAD_BITS=2048 PAYLOAD_CHUNKS=32 HAMMING_D=4
MATCH candidate_id=6001
MATCH candidate_id=6006
MATCH candidate_id=6007
MATCH candidate_id=6017
MATCH candidate_id=6024
MATCH candidate_id=6025
MATCH candidate_id=6028
MATCH candidate_id=6029
MATCH candidate_id=6043
MATCH candidate_id=6044
MATCH candidate_id=6046
MATCH candidate_id=6050
MATCH candidate_id=6051
MATCH candidate_id=6059
MATCH candidate_id=6062
MATCH candidate_id=6065
MATCH candidate_id=6066
MATCH candidate_id=6069
MATCH candidate_id=6071
MATCH candidate_id=6078
MATCH candidate_id=6080
MATCH candidate_id=6081
MATCH candidate_id=6092
MATCH candidate_id=6094
MATCH candidate_id=6095
MATCH candidate_id=6100
MATCH candidate_id=6104
MATCH candidate_id=6105
MATCH candidate_id=6106
MATCH candidate_id=6108
MATCH candidate_id=6116
MATCH candidate_id=6117
MATCH candidate_id=6118
MATCH candidate_id=6121
MATCH candidate_id=6127
MATCH candidate_id=6129
MATCH candidate_id=6132
MATCH candidate_id=6139
MATCH candidate_id=6140
MATCH candidate_id=6151
MATCH candidate_id=6152
MATCH candidate_id=6154
MATCH candidate_id=6155
MATCH candidate_id=6159
MATCH candidate_id=6160
MATCH candidate_id=6164
MATCH candidate_id=6165
MATCH candidate_id=6166
MATCH candidate_id=6169
MATCH candidate_id=6172
MATCH candidate_id=6174
MATCH candidate_id=6186
MATCH candidate_id=6187
MATCH candidate_id=6188
MATCH candidate_id=6194
MATCH candidate_id=6202
MATCH candidate_id=6205
MATCH candidate_id=6206
MATCH candidate_id=6209
MATCH candidate_id=6210
MATCH candidate_id=6212
MATCH candidate_id=6217
MATCH candidate_id=6219
MATCH candidate_id=6220
MATCH candidate_id=6221
MATCH candidate_id=6222
MATCH candidate_id=6224
MATCH candidate_id=6225
MATCH candidate_id=6226
MATCH candidate_id=6227
MATCH candidate_id=6228
MATCH candidate_id=6229
MATCH candidate_id=6230
MATCH candidate_id=6231
MATCH candidate_id=6233
MATCH candidate_id=6235
MATCH candidate_id=6259
MATCH candidate_id=6260
MATCH candidate_id=6306
MATCH candidate_id=6326
MATCH candidate_id=6360
MATCH candidate_id=6388
MATCH candidate_id=6390
MATCH candidate_id=6391
MATCH candidate_id=6408
MATCH candidate_id=6412
MATCH candidate_id=6426
MATCH candidate_id=6463
MATCH candidate_id=6530
MATCH candidate_id=6574
MATCH candidate_id=6578
MATCH candidate_id=6641
MATCH candidate_id=6734
MATCH candidate_id=6741
MATCH candidate_id=6774
MATCH candidate_id=6814
MATCH candidate_id=6873
MATCH candidate_id=6894
MATCH candidate_id=6897
MATCH candidate_id=6902
MATCH candidate_id=6903
MATCH candidate_id=6904
MATCH candidate_id=6907
MATCH candidate_id=6950
MATCH candidate_id=6969
MATCH candidate_id=6980
MP-SPDZ Approx-PSI post-filter complete.
The following benchmarks are including preprocessing (offline phase).
Time = 1053.48 seconds 
Data sent = 7974.2 MB in ~33774467 rounds (party 0 only; use '-v' for more details)
Global data sent = 15948.4 MB (all parties)
This virtual machine was compiled with GCC. Recompile with 'CXX = clang++' in 'CONFIG.mine' for optimal performance.
/data/MP-SPDZ/Scripts/run-common.sh: line 94: 347539 Segmentation fault      (core dumped) $my_prefix $SPDZROOT/$bin $i $params 2>&1
     347540 Done                    | { if test "$BENCH"; then
    if test $i = $front_player; then
        tee -a $log;
    else
        cat >> $log;
    fi;
else
    if test $i = $front_player; then
        tee $log;
    else
        cat > $log;
    fi;
fi; }
/data/MP-SPDZ/Scripts/run-common.sh: line 94: 347541 Segmentation fault      (core dumped) $my_prefix $SPDZROOT/$bin $i $params 2>&1
     347542 Done                    | { if test "$BENCH"; then
    if test $i = $front_player; then
        tee -a $log;
    else
        cat >> $log;
    fi;
else
    if test $i = $front_player; then
        tee $log;
    else
        cat > $log;
    fi;
fi; }
=== Party 1
Data sent = 7974.2 MB in ~33773718 rounds (party 1 only; use '-v' for more details)
Global data sent = 15948.4 MB (all parties)
This virtual machine was compiled with GCC. Recompile with 'CXX = clang++' in 'CONFIG.mine' for optimal performance.
