Default bit length for compilation: 64
Default security parameter for compilation: 40
Compiling file Programs/Source/approx_psi.mpc
WARNING: Order of memory instructions not preserved, errors possible
Writing to Programs/Bytecode/approx_psi-binary_add16x16(1)-1.bc
Writing to Programs/Schedules/approx_psi.sch
Writing to Programs/Bytecode/approx_psi-0.bc
Hash: cb9fdc95787d336ad3392b527fa5775a02640bd914342e33ac82a938d34d3391
Program requires at most:
     2049000 bit inputs from player 0
     2049000 bit inputs from player 1
     3864000 bit triples
        8000 bit opens
      520000 virtual machine rounds
Running /data/MP-SPDZ/Scripts/../mascot-party.x 0 approx_psi --disk-memory /data/Fuzzy-Name-PSI/../MP-SPDZ/Player-Data/disk-memory --batch-size 1 -pn 11324 -h localhost -N 2
Running /data/MP-SPDZ/Scripts/../mascot-party.x 1 approx_psi --disk-memory /data/Fuzzy-Name-PSI/../MP-SPDZ/Player-Data/disk-memory --batch-size 1 -pn 11324 -h localhost -N 2
Using statistical security parameter 40
--- Starting MP-SPDZ Approx-PSI post-filter ---
CANDIDATE_OFFSET=9000 MAX_CANDIDATES=1000 PAYLOAD_BITS=2048 PAYLOAD_CHUNKS=32 HAMMING_D=4
MATCH candidate_id=9007
MATCH candidate_id=9008
MATCH candidate_id=9019
MATCH candidate_id=9034
MATCH candidate_id=9040
MATCH candidate_id=9045
MATCH candidate_id=9056
MATCH candidate_id=9094
MATCH candidate_id=9126
MATCH candidate_id=9164
MATCH candidate_id=9165
MATCH candidate_id=9177
MATCH candidate_id=9180
MATCH candidate_id=9198
MATCH candidate_id=9200
MATCH candidate_id=9202
MATCH candidate_id=9266
MATCH candidate_id=9354
MATCH candidate_id=9389
MATCH candidate_id=9523
MATCH candidate_id=9534
MATCH candidate_id=9545
MATCH candidate_id=9722
MATCH candidate_id=9764
MATCH candidate_id=9805
MATCH candidate_id=9814
MATCH candidate_id=9847
MATCH candidate_id=9861
MATCH candidate_id=9867
MATCH candidate_id=9892
MATCH candidate_id=9897
MATCH candidate_id=9926
MATCH candidate_id=9927
MATCH candidate_id=9932
MATCH candidate_id=9937
MATCH candidate_id=9956
MATCH candidate_id=9965
MATCH candidate_id=9971
MATCH candidate_id=9986
MATCH candidate_id=9988
MP-SPDZ Approx-PSI post-filter complete.
The following benchmarks are including preprocessing (offline phase).
Time = 1048.42 seconds 
Data sent = 7974.2 MB in ~33774467 rounds (party 0 only; use '-v' for more details)
Global data sent = 15948.4 MB (all parties)
This virtual machine was compiled with GCC. Recompile with 'CXX = clang++' in 'CONFIG.mine' for optimal performance.
/data/MP-SPDZ/Scripts/run-common.sh: line 94: 360274 Segmentation fault      (core dumped) $my_prefix $SPDZROOT/$bin $i $params 2>&1
     360275 Done                    | { if test "$BENCH"; then
    if test $i = $front_player; then
        tee -a $log;
    else
        cat >> $log;
    fi;
else
    if test $i = $front_player; then
        tee $log;
    else
        cat > $log;
    fi;
fi; }
/data/MP-SPDZ/Scripts/run-common.sh: line 96: 360276 Segmentation fault      (core dumped) $my_prefix $SPDZROOT/$bin $i $params 2>&1
     360277 Done                    | { if test "$BENCH"; then
    if test $i = $front_player; then
        tee -a $log;
    else
        cat >> $log;
    fi;
else
    if test $i = $front_player; then
        tee $log;
    else
        cat > $log;
    fi;
fi; }
=== Party 1
Data sent = 7974.2 MB in ~33773718 rounds (party 1 only; use '-v' for more details)
Global data sent = 15948.4 MB (all parties)
This virtual machine was compiled with GCC. Recompile with 'CXX = clang++' in 'CONFIG.mine' for optimal performance.
