Default bit length for compilation: 64
Default security parameter for compilation: 40
Compiling file Programs/Source/approx_psi.mpc
WARNING: Order of memory instructions not preserved, errors possible
Writing to Programs/Bytecode/approx_psi-binary_add16x16(1)-1.bc
Writing to Programs/Schedules/approx_psi.sch
Writing to Programs/Bytecode/approx_psi-0.bc
Hash: 6048877247aa2afb93956c26d0b714e50faf46ed795091ff5b95d82022ee31c3
Program requires at most:
     2049000 bit inputs from player 0
     2049000 bit inputs from player 1
     3864000 bit triples
        8000 bit opens
      520000 virtual machine rounds
Running /data/MP-SPDZ/Scripts/../mascot-party.x 0 approx_psi --disk-memory /data/Fuzzy-Name-PSI/../MP-SPDZ/Player-Data/disk-memory --batch-size 1 -pn 10985 -h localhost -N 2
Running /data/MP-SPDZ/Scripts/../mascot-party.x 1 approx_psi --disk-memory /data/Fuzzy-Name-PSI/../MP-SPDZ/Player-Data/disk-memory --batch-size 1 -pn 10985 -h localhost -N 2
Using statistical security parameter 40
--- Starting MP-SPDZ Approx-PSI post-filter ---
CANDIDATE_OFFSET=10000 MAX_CANDIDATES=1000 PAYLOAD_BITS=2048 PAYLOAD_CHUNKS=32 HAMMING_D=4
MATCH candidate_id=10008
MATCH candidate_id=10009
MATCH candidate_id=10033
MATCH candidate_id=10085
MATCH candidate_id=10161
MATCH candidate_id=10162
MATCH candidate_id=10391
MATCH candidate_id=10397
MATCH candidate_id=10418
MATCH candidate_id=10439
MATCH candidate_id=10441
MATCH candidate_id=10462
MATCH candidate_id=10468
MATCH candidate_id=10545
MATCH candidate_id=10577
MATCH candidate_id=10618
MATCH candidate_id=10633
MATCH candidate_id=10704
MATCH candidate_id=10710
MATCH candidate_id=10715
MATCH candidate_id=10716
MATCH candidate_id=10722
MATCH candidate_id=10723
MATCH candidate_id=10733
MATCH candidate_id=10748
MATCH candidate_id=10753
MATCH candidate_id=10764
MATCH candidate_id=10779
MATCH candidate_id=10809
MATCH candidate_id=10817
MATCH candidate_id=10944
MATCH candidate_id=10945
MATCH candidate_id=10946
MATCH candidate_id=10959
MATCH candidate_id=10998
MP-SPDZ Approx-PSI post-filter complete.
The following benchmarks are including preprocessing (offline phase).
Time = 1054.95 seconds 
Data sent = 7974.2 MB in ~33774467 rounds (party 0 only; use '-v' for more details)
Global data sent = 15948.4 MB (all parties)
This virtual machine was compiled with GCC. Recompile with 'CXX = clang++' in 'CONFIG.mine' for optimal performance.
/data/MP-SPDZ/Scripts/run-common.sh: line 94: 363797 Segmentation fault      (core dumped) $my_prefix $SPDZROOT/$bin $i $params 2>&1
     363798 Done                    | { if test "$BENCH"; then
    if test $i = $front_player; then
        tee -a $log;
    else
        cat >> $log;
    fi;
else
    if test $i = $front_player; then
        tee $log;
    else
        cat > $log;
    fi;
fi; }
/data/MP-SPDZ/Scripts/run-common.sh: line 94: 363799 Segmentation fault      (core dumped) $my_prefix $SPDZROOT/$bin $i $params 2>&1
     363800 Done                    | { if test "$BENCH"; then
    if test $i = $front_player; then
        tee -a $log;
    else
        cat >> $log;
    fi;
else
    if test $i = $front_player; then
        tee $log;
    else
        cat > $log;
    fi;
fi; }
=== Party 1
Data sent = 7974.2 MB in ~33773718 rounds (party 1 only; use '-v' for more details)
Global data sent = 15948.4 MB (all parties)
This virtual machine was compiled with GCC. Recompile with 'CXX = clang++' in 'CONFIG.mine' for optimal performance.
