Default bit length for compilation: 64
Default security parameter for compilation: 40
Compiling file Programs/Source/approx_psi.mpc
WARNING: Order of memory instructions not preserved, errors possible
Writing to Programs/Bytecode/approx_psi-binary_add16x16(1)-1.bc
Writing to Programs/Schedules/approx_psi.sch
Writing to Programs/Bytecode/approx_psi-0.bc
Hash: 9b433be1560852e207ff2ee277fdbdd9034723946753f3fb228121645f7441a8
Program requires at most:
     2049000 bit inputs from player 0
     2049000 bit inputs from player 1
     3864000 bit triples
        8000 bit opens
      520000 virtual machine rounds
Running /data/MP-SPDZ/Scripts/../mascot-party.x 0 approx_psi --disk-memory /data/Fuzzy-Name-PSI/../MP-SPDZ/Player-Data/disk-memory --batch-size 1 -pn 13694 -h localhost -N 2
Running /data/MP-SPDZ/Scripts/../mascot-party.x 1 approx_psi --disk-memory /data/Fuzzy-Name-PSI/../MP-SPDZ/Player-Data/disk-memory --batch-size 1 -pn 13694 -h localhost -N 2
Using statistical security parameter 40
--- Starting MP-SPDZ Approx-PSI post-filter ---
CANDIDATE_OFFSET=12000 MAX_CANDIDATES=1000 PAYLOAD_BITS=2048 PAYLOAD_CHUNKS=32 HAMMING_D=4
MATCH candidate_id=12016
MATCH candidate_id=12032
MATCH candidate_id=12036
MATCH candidate_id=12310
MATCH candidate_id=12373
MATCH candidate_id=12498
MATCH candidate_id=12538
MATCH candidate_id=12566
MP-SPDZ Approx-PSI post-filter complete.
The following benchmarks are including preprocessing (offline phase).
Time = 1074.79 seconds 
Data sent = 7974.2 MB in ~33774467 rounds (party 0 only; use '-v' for more details)
Global data sent = 15948.4 MB (all parties)
This virtual machine was compiled with GCC. Recompile with 'CXX = clang++' in 'CONFIG.mine' for optimal performance.
/data/MP-SPDZ/Scripts/run-common.sh: line 94: 370190 Segmentation fault      (core dumped) $my_prefix $SPDZROOT/$bin $i $params 2>&1
     370191 Done                    | { if test "$BENCH"; then
    if test $i = $front_player; then
        tee -a $log;
    else
        cat >> $log;
    fi;
else
    if test $i = $front_player; then
        tee $log;
    else
        cat > $log;
    fi;
fi; }
/data/MP-SPDZ/Scripts/run-common.sh: line 94: 370192 Segmentation fault      (core dumped) $my_prefix $SPDZROOT/$bin $i $params 2>&1
     370194 Done                    | { if test "$BENCH"; then
    if test $i = $front_player; then
        tee -a $log;
    else
        cat >> $log;
    fi;
else
    if test $i = $front_player; then
        tee $log;
    else
        cat > $log;
    fi;
fi; }
=== Party 1
Data sent = 7974.2 MB in ~33773718 rounds (party 1 only; use '-v' for more details)
Global data sent = 15948.4 MB (all parties)
This virtual machine was compiled with GCC. Recompile with 'CXX = clang++' in 'CONFIG.mine' for optimal performance.
