Default bit length for compilation: 64
Default security parameter for compilation: 40
Compiling file Programs/Source/approx_psi.mpc
WARNING: Order of memory instructions not preserved, errors possible
Writing to Programs/Bytecode/approx_psi-binary_add16x16(1)-1.bc
Writing to Programs/Schedules/approx_psi.sch
Writing to Programs/Bytecode/approx_psi-0.bc
Hash: dd198caac544f4e98cef1817edbe175c4735a60cf603bd3a073dc97b1e788fa8
Program requires at most:
     2049000 bit inputs from player 0
     2049000 bit inputs from player 1
     3864000 bit triples
        8000 bit opens
      520000 virtual machine rounds
Running /data/MP-SPDZ/Scripts/../mascot-party.x 0 approx_psi --disk-memory /data/Fuzzy-Name-PSI/../MP-SPDZ/Player-Data/disk-memory --batch-size 1 -pn 11317 -h localhost -N 2
Running /data/MP-SPDZ/Scripts/../mascot-party.x 1 approx_psi --disk-memory /data/Fuzzy-Name-PSI/../MP-SPDZ/Player-Data/disk-memory --batch-size 1 -pn 11317 -h localhost -N 2
Using statistical security parameter 40
--- Starting MP-SPDZ Approx-PSI post-filter ---
CANDIDATE_OFFSET=11000 MAX_CANDIDATES=1000 PAYLOAD_BITS=2048 PAYLOAD_CHUNKS=32 HAMMING_D=4
MATCH candidate_id=11000
MATCH candidate_id=11008
MATCH candidate_id=11021
MATCH candidate_id=11049
MATCH candidate_id=11065
MATCH candidate_id=11146
MATCH candidate_id=11159
MATCH candidate_id=11160
MATCH candidate_id=11178
MATCH candidate_id=11209
MATCH candidate_id=11284
MATCH candidate_id=11291
MATCH candidate_id=11292
MATCH candidate_id=11294
MATCH candidate_id=11364
MATCH candidate_id=11372
MATCH candidate_id=11483
MATCH candidate_id=11488
MATCH candidate_id=11665
MATCH candidate_id=11672
MATCH candidate_id=11683
MATCH candidate_id=11708
MATCH candidate_id=11714
MATCH candidate_id=11784
MATCH candidate_id=11866
MATCH candidate_id=11895
MATCH candidate_id=11923
MATCH candidate_id=11968
MATCH candidate_id=11986
MP-SPDZ Approx-PSI post-filter complete.
The following benchmarks are including preprocessing (offline phase).
Time = 1080.33 seconds 
Data sent = 7974.2 MB in ~33774467 rounds (party 0 only; use '-v' for more details)
Global data sent = 15948.4 MB (all parties)
This virtual machine was compiled with GCC. Recompile with 'CXX = clang++' in 'CONFIG.mine' for optimal performance.
/data/MP-SPDZ/Scripts/run-common.sh: line 94: 367102 Segmentation fault      (core dumped) $my_prefix $SPDZROOT/$bin $i $params 2>&1
     367103 Done                    | { if test "$BENCH"; then
    if test $i = $front_player; then
        tee -a $log;
    else
        cat >> $log;
    fi;
else
    if test $i = $front_player; then
        tee $log;
    else
        cat > $log;
    fi;
fi; }
=== Party 1
Data sent = 7974.2 MB in ~33773718 rounds (party 1 only; use '-v' for more details)
Global data sent = 15948.4 MB (all parties)
This virtual machine was compiled with GCC. Recompile with 'CXX = clang++' in 'CONFIG.mine' for optimal performance.
/data/MP-SPDZ/Scripts/run-common.sh: line 95: 367104 Segmentation fault      (core dumped) $my_prefix $SPDZROOT/$bin $i $params 2>&1
     367105 Done                    | { if test "$BENCH"; then
    if test $i = $front_player; then
        tee -a $log;
    else
        cat >> $log;
    fi;
else
    if test $i = $front_player; then
        tee $log;
    else
        cat > $log;
    fi;
fi; }
