Party 1 starting PSI-style candidate generation receiver on exact projected keys.
Round 0: party0_records=1994, sender_projection_buckets=1645, max_sender_bucket_size=3, party1_records=1999, receiver_projection_buckets=1670, max_receiver_bucket_before_cap=25, max_receiver_bucket_size=3, reps_per_projection=3, bucket_intersections=842, expanded_candidate_pairs_before_dedup=1551, new_unique_mpc_candidates=1551, duplicate_candidate_pairs_skipped=0.
Round 1: party0_records=1994, sender_projection_buckets=1226, max_sender_bucket_size=3, party1_records=1999, receiver_projection_buckets=1264, max_receiver_bucket_before_cap=85, max_receiver_bucket_size=3, reps_per_projection=3, bucket_intersections=726, expanded_candidate_pairs_before_dedup=1872, new_unique_mpc_candidates=1365, duplicate_candidate_pairs_skipped=507.
Round 2: party0_records=1994, sender_projection_buckets=1437, max_sender_bucket_size=3, party1_records=1999, receiver_projection_buckets=1505, max_receiver_bucket_before_cap=68, max_receiver_bucket_size=3, reps_per_projection=3, bucket_intersections=807, expanded_candidate_pairs_before_dedup=1748, new_unique_mpc_candidates=1012, duplicate_candidate_pairs_skipped=736.
Round 3: party0_records=1994, sender_projection_buckets=1074, max_sender_bucket_size=3, party1_records=1999, receiver_projection_buckets=1157, max_receiver_bucket_before_cap=79, max_receiver_bucket_size=3, reps_per_projection=3, bucket_intersections=683, expanded_candidate_pairs_before_dedup=1934, new_unique_mpc_candidates=1243, duplicate_candidate_pairs_skipped=691.
Round 4: party0_records=1994, sender_projection_buckets=1592, max_sender_bucket_size=3, party1_records=1999, receiver_projection_buckets=1607, max_receiver_bucket_before_cap=29, max_receiver_bucket_size=3, reps_per_projection=3, bucket_intersections=837, expanded_candidate_pairs_before_dedup=1560, new_unique_mpc_candidates=669, duplicate_candidate_pairs_skipped=891.
Round 5: party0_records=1994, sender_projection_buckets=1771, max_sender_bucket_size=3, party1_records=1999, receiver_projection_buckets=1821, max_receiver_bucket_before_cap=10, max_receiver_bucket_size=3, reps_per_projection=3, bucket_intersections=901, expanded_candidate_pairs_before_dedup=1352, new_unique_mpc_candidates=391, duplicate_candidate_pairs_skipped=961.
Round 6: party0_records=1994, sender_projection_buckets=1101, max_sender_bucket_size=3, party1_records=1999, receiver_projection_buckets=1219, max_receiver_bucket_before_cap=74, max_receiver_bucket_size=3, reps_per_projection=3, bucket_intersections=688, expanded_candidate_pairs_before_dedup=1857, new_unique_mpc_candidates=1049, duplicate_candidate_pairs_skipped=808.
Round 7: party0_records=1994, sender_projection_buckets=1317, max_sender_bucket_size=3, party1_records=1999, receiver_projection_buckets=1351, max_receiver_bucket_before_cap=65, max_receiver_bucket_size=3, reps_per_projection=3, bucket_intersections=783, expanded_candidate_pairs_before_dedup=1913, new_unique_mpc_candidates=939, duplicate_candidate_pairs_skipped=974.
Round 8: party0_records=1994, sender_projection_buckets=1207, max_sender_bucket_size=3, party1_records=1999, receiver_projection_buckets=1294, max_receiver_bucket_before_cap=70, max_receiver_bucket_size=3, reps_per_projection=3, bucket_intersections=761, expanded_candidate_pairs_before_dedup=1910, new_unique_mpc_candidates=977, duplicate_candidate_pairs_skipped=933.
Round 9: party0_records=1994, sender_projection_buckets=1233, max_sender_bucket_size=3, party1_records=1999, receiver_projection_buckets=1342, max_receiver_bucket_before_cap=113, max_receiver_bucket_size=3, reps_per_projection=3, bucket_intersections=759, expanded_candidate_pairs_before_dedup=1779, new_unique_mpc_candidates=814, duplicate_candidate_pairs_skipped=965.
Round 10: party0_records=1994, sender_projection_buckets=1364, max_sender_bucket_size=3, party1_records=1999, receiver_projection_buckets=1462, max_receiver_bucket_before_cap=60, max_receiver_bucket_size=3, reps_per_projection=3, bucket_intersections=780, expanded_candidate_pairs_before_dedup=1725, new_unique_mpc_candidates=743, duplicate_candidate_pairs_skipped=982.
Round 11: party0_records=1994, sender_projection_buckets=1650, max_sender_bucket_size=3, party1_records=1999, receiver_projection_buckets=1694, max_receiver_bucket_before_cap=15, max_receiver_bucket_size=3, reps_per_projection=3, bucket_intersections=861, expanded_candidate_pairs_before_dedup=1506, new_unique_mpc_candidates=467, duplicate_candidate_pairs_skipped=1039.
Round 12: party0_records=1994, sender_projection_buckets=1807, max_sender_bucket_size=3, party1_records=1999, receiver_projection_buckets=1812, max_receiver_bucket_before_cap=7, max_receiver_bucket_size=3, reps_per_projection=3, bucket_intersections=904, expanded_candidate_pairs_before_dedup=1319, new_unique_mpc_candidates=266, duplicate_candidate_pairs_skipped=1053.
Round 13: party0_records=1994, sender_projection_buckets=1565, max_sender_bucket_size=3, party1_records=1999, receiver_projection_buckets=1645, max_receiver_bucket_before_cap=25, max_receiver_bucket_size=3, reps_per_projection=3, bucket_intersections=862, expanded_candidate_pairs_before_dedup=1615, new_unique_mpc_candidates=549, duplicate_candidate_pairs_skipped=1066.
Round 14: party0_records=1994, sender_projection_buckets=1424, max_sender_bucket_size=3, party1_records=1999, receiver_projection_buckets=1536, max_receiver_bucket_before_cap=51, max_receiver_bucket_size=3, reps_per_projection=3, bucket_intersections=794, expanded_candidate_pairs_before_dedup=1686, new_unique_mpc_candidates=644, duplicate_candidate_pairs_skipped=1042.
Round 15: party0_records=1994, sender_projection_buckets=1524, max_sender_bucket_size=3, party1_records=1999, receiver_projection_buckets=1576, max_receiver_bucket_before_cap=26, max_receiver_bucket_size=3, reps_per_projection=3, bucket_intersections=850, expanded_candidate_pairs_before_dedup=1773, new_unique_mpc_candidates=585, duplicate_candidate_pairs_skipped=1188.
Round 16: party0_records=1994, sender_projection_buckets=1498, max_sender_bucket_size=3, party1_records=1999, receiver_projection_buckets=1521, max_receiver_bucket_before_cap=42, max_receiver_bucket_size=3, reps_per_projection=3, bucket_intersections=885, expanded_candidate_pairs_before_dedup=1794, new_unique_mpc_candidates=624, duplicate_candidate_pairs_skipped=1170.
Round 17: party0_records=1994, sender_projection_buckets=1451, max_sender_bucket_size=3, party1_records=1999, receiver_projection_buckets=1519, max_receiver_bucket_before_cap=36, max_receiver_bucket_size=3, reps_per_projection=3, bucket_intersections=804, expanded_candidate_pairs_before_dedup=1781, new_unique_mpc_candidates=616, duplicate_candidate_pairs_skipped=1165.
Round 18: party0_records=1994, sender_projection_buckets=1546, max_sender_bucket_size=3, party1_records=1999, receiver_projection_buckets=1606, max_receiver_bucket_before_cap=47, max_receiver_bucket_size=3, reps_per_projection=3, bucket_intersections=831, expanded_candidate_pairs_before_dedup=1645, new_unique_mpc_candidates=539, duplicate_candidate_pairs_skipped=1106.
Round 19: party0_records=1994, sender_projection_buckets=1722, max_sender_bucket_size=3, party1_records=1999, receiver_projection_buckets=1757, max_receiver_bucket_before_cap=13, max_receiver_bucket_size=3, reps_per_projection=3, bucket_intersections=881, expanded_candidate_pairs_before_dedup=1451, new_unique_mpc_candidates=339, duplicate_candidate_pairs_skipped=1112.
Round 20: party0_records=1994, sender_projection_buckets=1535, max_sender_bucket_size=3, party1_records=1999, receiver_projection_buckets=1595, max_receiver_bucket_before_cap=47, max_receiver_bucket_size=3, reps_per_projection=3, bucket_intersections=862, expanded_candidate_pairs_before_dedup=1710, new_unique_mpc_candidates=488, duplicate_candidate_pairs_skipped=1222.
Round 21: party0_records=1994, sender_projection_buckets=1436, max_sender_bucket_size=3, party1_records=1999, receiver_projection_buckets=1533, max_receiver_bucket_before_cap=41, max_receiver_bucket_size=3, reps_per_projection=3, bucket_intersections=817, expanded_candidate_pairs_before_dedup=1790, new_unique_mpc_candidates=649, duplicate_candidate_pairs_skipped=1141.
Round 22: party0_records=1994, sender_projection_buckets=1635, max_sender_bucket_size=3, party1_records=1999, receiver_projection_buckets=1660, max_receiver_bucket_before_cap=25, max_receiver_bucket_size=3, reps_per_projection=3, bucket_intersections=849, expanded_candidate_pairs_before_dedup=1558, new_unique_mpc_candidates=448, duplicate_candidate_pairs_skipped=1110.
Round 23: party0_records=1994, sender_projection_buckets=1279, max_sender_bucket_size=3, party1_records=1999, receiver_projection_buckets=1333, max_receiver_bucket_before_cap=88, max_receiver_bucket_size=3, reps_per_projection=3, bucket_intersections=756, expanded_candidate_pairs_before_dedup=1820, new_unique_mpc_candidates=773, duplicate_candidate_pairs_skipped=1047.
Round 24: party0_records=1994, sender_projection_buckets=1025, max_sender_bucket_size=3, party1_records=1999, receiver_projection_buckets=1144, max_receiver_bucket_before_cap=92, max_receiver_bucket_size=3, reps_per_projection=3, bucket_intersections=656, expanded_candidate_pairs_before_dedup=1930, new_unique_mpc_candidates=898, duplicate_candidate_pairs_skipped=1032.
Round 25: party0_records=1994, sender_projection_buckets=1075, max_sender_bucket_size=3, party1_records=1999, receiver_projection_buckets=1160, max_receiver_bucket_before_cap=103, max_receiver_bucket_size=3, reps_per_projection=3, bucket_intersections=698, expanded_candidate_pairs_before_dedup=1931, new_unique_mpc_candidates=904, duplicate_candidate_pairs_skipped=1027.
Round 26: party0_records=1994, sender_projection_buckets=1545, max_sender_bucket_size=3, party1_records=1999, receiver_projection_buckets=1611, max_receiver_bucket_before_cap=38, max_receiver_bucket_size=3, reps_per_projection=3, bucket_intersections=830, expanded_candidate_pairs_before_dedup=1657, new_unique_mpc_candidates=502, duplicate_candidate_pairs_skipped=1155.
Round 27: party0_records=1994, sender_projection_buckets=1135, max_sender_bucket_size=3, party1_records=1999, receiver_projection_buckets=1220, max_receiver_bucket_before_cap=103, max_receiver_bucket_size=3, reps_per_projection=3, bucket_intersections=710, expanded_candidate_pairs_before_dedup=1808, new_unique_mpc_candidates=801, duplicate_candidate_pairs_skipped=1007.
Round 28: party0_records=1994, sender_projection_buckets=1603, max_sender_bucket_size=3, party1_records=1999, receiver_projection_buckets=1621, max_receiver_bucket_before_cap=38, max_receiver_bucket_size=3, reps_per_projection=3, bucket_intersections=842, expanded_candidate_pairs_before_dedup=1584, new_unique_mpc_candidates=427, duplicate_candidate_pairs_skipped=1157.
Round 29: party0_records=1994, sender_projection_buckets=1314, max_sender_bucket_size=3, party1_records=1999, receiver_projection_buckets=1392, max_receiver_bucket_before_cap=52, max_receiver_bucket_size=3, reps_per_projection=3, bucket_intersections=754, expanded_candidate_pairs_before_dedup=1718, new_unique_mpc_candidates=682, duplicate_candidate_pairs_skipped=1036.

--- MPC Fuzzy PSI Summary ---
Filtering mode: split-party MPC handoff for secret-shared Hamming threshold.
Total expanded candidate pairs before deduplication across 30 rounds: 51277
Total unique MPC candidates written: 21954
Total duplicate candidate pairs skipped: 29323
MPC candidate inputs written: 21954
Plaintext fuzzy pairs opened before MPC: 0
MPC handoff manifest written to output/mpc_fuzzy_mpc_candidates.csv
Party 0 MPC inputs written to output/mpc_fuzzy_party0_payloads.txt
Party 1 MPC inputs written to output/mpc_fuzzy_party1_payloads.txt
MP-SPDZ config written to output/mp_spdz/approx_psi_config.mpc
MP-SPDZ Party 0 input written to output/mp_spdz/Player-Data/Input-P0-0
MP-SPDZ Party 1 input written to output/mp_spdz/Player-Data/Input-P1-0
Plaintext reference matches written to output/mpc_fuzzy_matches.csv
Summary written to output/mpc_fuzzy_summary.txt

--- Open Phase: Revealed Fuzzy Matches ---
No fuzzy matches satisfied the final Hamming threshold.
